#! /usr/bin/vvp
:ivl_version "10.3 (stable)";
:ivl_delay_selection "TYPICAL";
:vpi_time_precision + 0;
:vpi_module "system";
:vpi_module "vhdl_sys";
:vpi_module "v2005_math";
:vpi_module "va_math";
S_0x55e57ce33040 .scope module, "flopenr" "flopenr" 2 55;
 .timescale 0 0;
    .port_info 0 /INPUT 1 "clk"
    .port_info 1 /INPUT 1 "reset"
    .port_info 2 /INPUT 1 "en"
    .port_info 3 /INPUT 8 "d"
    .port_info 4 /OUTPUT 8 "q"
P_0x55e57cde6ed0 .param/l "WIDTH" 0 2 55, +C4<00000000000000000000000000001000>;
o0x7f8f06f8e018 .functor BUFZ 1, C4<z>; HiZ drive
v0x55e57ce2c970_0 .net "clk", 0 0, o0x7f8f06f8e018;  0 drivers
o0x7f8f06f8e048 .functor BUFZ 8, C4<zzzzzzzz>; HiZ drive
v0x55e57ce50200_0 .net "d", 7 0, o0x7f8f06f8e048;  0 drivers
o0x7f8f06f8e078 .functor BUFZ 1, C4<z>; HiZ drive
v0x55e57ce502e0_0 .net "en", 0 0, o0x7f8f06f8e078;  0 drivers
v0x55e57ce50380_0 .var "q", 7 0;
o0x7f8f06f8e0d8 .functor BUFZ 1, C4<z>; HiZ drive
v0x55e57ce50460_0 .net "reset", 0 0, o0x7f8f06f8e0d8;  0 drivers
E_0x55e57cdf4ff0 .event posedge, v0x55e57ce50460_0, v0x55e57ce2c970_0;
S_0x55e57ce2ef40 .scope module, "testbench" "testbench" 3 7;
 .timescale 0 0;
v0x55e57ce62120_0 .var "clk", 0 0;
v0x55e57ce621e0_0 .net "dataadr", 31 0, L_0x55e57ce768c0;  1 drivers
v0x55e57ce622a0_0 .net "memwrite", 0 0, L_0x55e57ce62820;  1 drivers
v0x55e57ce62340_0 .var "reset", 0 0;
v0x55e57ce62470_0 .net "writedata", 31 0, L_0x55e57ce742f0;  1 drivers
E_0x55e57cdf4aa0 .event negedge, v0x55e57ce50e30_0;
S_0x55e57ce50600 .scope module, "dut" "top" 3 16, 4 10 0, S_0x55e57ce2ef40;
 .timescale 0 0;
    .port_info 0 /INPUT 1 "clk"
    .port_info 1 /INPUT 1 "reset"
    .port_info 2 /OUTPUT 32 "writedata"
    .port_info 3 /OUTPUT 32 "dataadr"
    .port_info 4 /OUTPUT 1 "memwrite"
v0x55e57ce61930_0 .net "clk", 0 0, v0x55e57ce62120_0;  1 drivers
v0x55e57ce619f0_0 .net "dataadr", 31 0, L_0x55e57ce768c0;  alias, 1 drivers
v0x55e57ce61ab0_0 .net "instr", 31 0, L_0x55e57ce76e70;  1 drivers
v0x55e57ce61b50_0 .net "memwrite", 0 0, L_0x55e57ce62820;  alias, 1 drivers
v0x55e57ce61c80_0 .net "pc", 31 0, v0x55e57ce5b5d0_0;  1 drivers
v0x55e57ce61dd0_0 .net "readdata", 31 0, L_0x55e57ce771b0;  1 drivers
v0x55e57ce61f20_0 .net "reset", 0 0, v0x55e57ce62340_0;  1 drivers
v0x55e57ce61fc0_0 .net "writedata", 31 0, L_0x55e57ce742f0;  alias, 1 drivers
L_0x55e57ce76f30 .part v0x55e57ce5b5d0_0, 2, 6;
S_0x55e57ce50820 .scope module, "dmem" "dmem" 4 19, 5 8 0, S_0x55e57ce50600;
 .timescale 0 0;
    .port_info 0 /INPUT 1 "clk"
    .port_info 1 /INPUT 1 "we"
    .port_info 2 /INPUT 32 "a"
    .port_info 3 /INPUT 32 "wd"
    .port_info 4 /OUTPUT 32 "rd"
L_0x55e57ce771b0 .functor BUFZ 32, L_0x55e57ce77020, C4<00000000000000000000000000000000>, C4<00000000000000000000000000000000>, C4<00000000000000000000000000000000>;
v0x55e57ce50ad0 .array "RAM", 0 63, 31 0;
v0x55e57ce50bb0_0 .net *"_s0", 31 0, L_0x55e57ce77020;  1 drivers
v0x55e57ce50c90_0 .net *"_s3", 29 0, L_0x55e57ce770c0;  1 drivers
v0x55e57ce50d50_0 .net "a", 31 0, L_0x55e57ce768c0;  alias, 1 drivers
v0x55e57ce50e30_0 .net "clk", 0 0, v0x55e57ce62120_0;  alias, 1 drivers
v0x55e57ce50f40_0 .net "rd", 31 0, L_0x55e57ce771b0;  alias, 1 drivers
v0x55e57ce51020_0 .net "wd", 31 0, L_0x55e57ce742f0;  alias, 1 drivers
v0x55e57ce51100_0 .net "we", 0 0, L_0x55e57ce62820;  alias, 1 drivers
E_0x55e57cdf4be0 .event posedge, v0x55e57ce50e30_0;
L_0x55e57ce77020 .array/port v0x55e57ce50ad0, L_0x55e57ce770c0;
L_0x55e57ce770c0 .part L_0x55e57ce768c0, 2, 30;
S_0x55e57ce51260 .scope module, "imem" "imem" 4 18, 5 23 0, S_0x55e57ce50600;
 .timescale 0 0;
    .port_info 0 /INPUT 6 "a"
    .port_info 1 /OUTPUT 32 "rd"
L_0x55e57ce76e70 .functor BUFZ 32, L_0x55e57ce76d30, C4<00000000000000000000000000000000>, C4<00000000000000000000000000000000>, C4<00000000000000000000000000000000>;
v0x55e57ce51450 .array "RAM", 0 63, 31 0;
v0x55e57ce51530_0 .net *"_s0", 31 0, L_0x55e57ce76d30;  1 drivers
v0x55e57ce51610_0 .net *"_s2", 7 0, L_0x55e57ce76dd0;  1 drivers
L_0x7f8f06f45450 .functor BUFT 1, C4<00>, C4<0>, C4<0>, C4<0>;
v0x55e57ce516d0_0 .net *"_s5", 1 0, L_0x7f8f06f45450;  1 drivers
v0x55e57ce517b0_0 .net "a", 5 0, L_0x55e57ce76f30;  1 drivers
v0x55e57ce518e0_0 .net "rd", 31 0, L_0x55e57ce76e70;  alias, 1 drivers
L_0x55e57ce76d30 .array/port v0x55e57ce51450, L_0x55e57ce76dd0;
L_0x55e57ce76dd0 .concat [ 6 2 0 0], L_0x55e57ce76f30, L_0x7f8f06f45450;
S_0x55e57ce51a20 .scope module, "mips" "mips" 4 17, 6 17 0, S_0x55e57ce50600;
 .timescale 0 0;
    .port_info 0 /INPUT 1 "clk"
    .port_info 1 /INPUT 1 "reset"
    .port_info 2 /OUTPUT 32 "pc"
    .port_info 3 /INPUT 32 "instr"
    .port_info 4 /OUTPUT 1 "memwrite"
    .port_info 5 /OUTPUT 32 "aluout"
    .port_info 6 /OUTPUT 32 "writedata"
    .port_info 7 /INPUT 32 "readdata"
v0x55e57ce608f0_0 .net "alucontrol", 3 0, v0x55e57ce52160_0;  1 drivers
v0x55e57ce609d0_0 .net "aluout", 31 0, L_0x55e57ce768c0;  alias, 1 drivers
v0x55e57ce60a90_0 .net "alusrc", 0 0, L_0x55e57ce62650;  1 drivers
v0x55e57ce60bc0_0 .net "clk", 0 0, v0x55e57ce62120_0;  alias, 1 drivers
v0x55e57ce60cf0_0 .net "instr", 31 0, L_0x55e57ce76e70;  alias, 1 drivers
v0x55e57ce60d90_0 .net "jump", 0 0, L_0x55e57ce629a0;  1 drivers
v0x55e57ce60ec0_0 .net "memtoreg", 0 0, L_0x55e57ce628c0;  1 drivers
v0x55e57ce60ff0_0 .net "memwrite", 0 0, L_0x55e57ce62820;  alias, 1 drivers
v0x55e57ce61090_0 .net "pc", 31 0, v0x55e57ce5b5d0_0;  alias, 1 drivers
v0x55e57ce611e0_0 .net "pcsrc", 0 0, L_0x55e57ce62c60;  1 drivers
v0x55e57ce61280_0 .net "readdata", 31 0, L_0x55e57ce771b0;  alias, 1 drivers
v0x55e57ce61340_0 .net "regdst", 0 0, L_0x55e57ce625b0;  1 drivers
v0x55e57ce61470_0 .net "regwrite", 0 0, L_0x55e57ce62510;  1 drivers
v0x55e57ce615a0_0 .net "reset", 0 0, v0x55e57ce62340_0;  alias, 1 drivers
v0x55e57ce61640_0 .net "writedata", 31 0, L_0x55e57ce742f0;  alias, 1 drivers
v0x55e57ce61790_0 .net "zero", 0 0, L_0x55e57ce76c80;  1 drivers
L_0x55e57ce62da0 .part L_0x55e57ce76e70, 26, 6;
L_0x55e57ce62ef0 .part L_0x55e57ce76e70, 0, 6;
S_0x55e57ce51d10 .scope module, "c" "controller" 6 29, 6 40 0, S_0x55e57ce51a20;
 .timescale 0 0;
    .port_info 0 /INPUT 6 "op"
    .port_info 1 /INPUT 6 "funct"
    .port_info 2 /INPUT 1 "zero"
    .port_info 3 /OUTPUT 1 "memtoreg"
    .port_info 4 /OUTPUT 1 "memwrite"
    .port_info 5 /OUTPUT 1 "pcsrc"
    .port_info 6 /OUTPUT 1 "alusrc"
    .port_info 7 /OUTPUT 1 "regdst"
    .port_info 8 /OUTPUT 1 "regwrite"
    .port_info 9 /OUTPUT 1 "jump"
    .port_info 10 /OUTPUT 4 "alucontrol"
L_0x55e57ce62c60 .functor AND 1, L_0x55e57ce626f0, L_0x55e57ce76c80, C4<1>, C4<1>;
v0x55e57ce531e0_0 .net "alucontrol", 3 0, v0x55e57ce52160_0;  alias, 1 drivers
v0x55e57ce532f0_0 .net "aluop", 1 0, L_0x55e57ce62a40;  1 drivers
v0x55e57ce53390_0 .net "alusrc", 0 0, L_0x55e57ce62650;  alias, 1 drivers
v0x55e57ce53460_0 .net "branch", 0 0, L_0x55e57ce626f0;  1 drivers
v0x55e57ce53530_0 .net "funct", 5 0, L_0x55e57ce62ef0;  1 drivers
v0x55e57ce53620_0 .net "jump", 0 0, L_0x55e57ce629a0;  alias, 1 drivers
v0x55e57ce536f0_0 .net "memtoreg", 0 0, L_0x55e57ce628c0;  alias, 1 drivers
v0x55e57ce537c0_0 .net "memwrite", 0 0, L_0x55e57ce62820;  alias, 1 drivers
v0x55e57ce538b0_0 .net "op", 5 0, L_0x55e57ce62da0;  1 drivers
v0x55e57ce539e0_0 .net "pcsrc", 0 0, L_0x55e57ce62c60;  alias, 1 drivers
v0x55e57ce53a80_0 .net "regdst", 0 0, L_0x55e57ce625b0;  alias, 1 drivers
v0x55e57ce53b50_0 .net "regwrite", 0 0, L_0x55e57ce62510;  alias, 1 drivers
v0x55e57ce53c20_0 .net "zero", 0 0, L_0x55e57ce76c80;  alias, 1 drivers
S_0x55e57ce51ee0 .scope module, "ad" "aludec" 6 54, 6 85 0, S_0x55e57ce51d10;
 .timescale 0 0;
    .port_info 0 /INPUT 6 "funct"
    .port_info 1 /INPUT 2 "aluop"
    .port_info 2 /OUTPUT 4 "alucontrol"
v0x55e57ce52160_0 .var "alucontrol", 3 0;
v0x55e57ce52260_0 .net "aluop", 1 0, L_0x55e57ce62a40;  alias, 1 drivers
v0x55e57ce52340_0 .net "funct", 5 0, L_0x55e57ce62ef0;  alias, 1 drivers
E_0x55e57ce3c510 .event edge, v0x55e57ce52260_0, v0x55e57ce52340_0;
S_0x55e57ce524b0 .scope module, "md" "maindec" 6 51, 6 60 0, S_0x55e57ce51d10;
 .timescale 0 0;
    .port_info 0 /INPUT 6 "op"
    .port_info 1 /OUTPUT 1 "memtoreg"
    .port_info 2 /OUTPUT 1 "memwrite"
    .port_info 3 /OUTPUT 1 "branch"
    .port_info 4 /OUTPUT 1 "alusrc"
    .port_info 5 /OUTPUT 1 "regdst"
    .port_info 6 /OUTPUT 1 "regwrite"
    .port_info 7 /OUTPUT 1 "jump"
    .port_info 8 /OUTPUT 2 "aluop"
v0x55e57ce527d0_0 .net *"_s10", 8 0, v0x55e57ce52b30_0;  1 drivers
v0x55e57ce528d0_0 .net "aluop", 1 0, L_0x55e57ce62a40;  alias, 1 drivers
v0x55e57ce529c0_0 .net "alusrc", 0 0, L_0x55e57ce62650;  alias, 1 drivers
v0x55e57ce52a90_0 .net "branch", 0 0, L_0x55e57ce626f0;  alias, 1 drivers
v0x55e57ce52b30_0 .var "controls", 8 0;
v0x55e57ce52c60_0 .net "jump", 0 0, L_0x55e57ce629a0;  alias, 1 drivers
v0x55e57ce52d20_0 .net "memtoreg", 0 0, L_0x55e57ce628c0;  alias, 1 drivers
v0x55e57ce52de0_0 .net "memwrite", 0 0, L_0x55e57ce62820;  alias, 1 drivers
v0x55e57ce52e80_0 .net "op", 5 0, L_0x55e57ce62da0;  alias, 1 drivers
v0x55e57ce52f40_0 .net "regdst", 0 0, L_0x55e57ce625b0;  alias, 1 drivers
v0x55e57ce53000_0 .net "regwrite", 0 0, L_0x55e57ce62510;  alias, 1 drivers
E_0x55e57ce3c550 .event edge, v0x55e57ce52e80_0;
L_0x55e57ce62510 .part v0x55e57ce52b30_0, 8, 1;
L_0x55e57ce625b0 .part v0x55e57ce52b30_0, 7, 1;
L_0x55e57ce62650 .part v0x55e57ce52b30_0, 6, 1;
L_0x55e57ce626f0 .part v0x55e57ce52b30_0, 5, 1;
L_0x55e57ce62820 .part v0x55e57ce52b30_0, 4, 1;
L_0x55e57ce628c0 .part v0x55e57ce52b30_0, 3, 1;
L_0x55e57ce629a0 .part v0x55e57ce52b30_0, 2, 1;
L_0x55e57ce62a40 .part v0x55e57ce52b30_0, 0, 2;
S_0x55e57ce53d80 .scope module, "dp" "datapath" 6 33, 6 104 0, S_0x55e57ce51a20;
 .timescale 0 0;
    .port_info 0 /INPUT 1 "clk"
    .port_info 1 /INPUT 1 "reset"
    .port_info 2 /INPUT 1 "memtoreg"
    .port_info 3 /INPUT 1 "pcsrc"
    .port_info 4 /INPUT 1 "alusrc"
    .port_info 5 /INPUT 1 "regdst"
    .port_info 6 /INPUT 1 "regwrite"
    .port_info 7 /INPUT 1 "jump"
    .port_info 8 /INPUT 4 "alucontrol"
    .port_info 9 /OUTPUT 1 "zero"
    .port_info 10 /OUTPUT 32 "pc"
    .port_info 11 /INPUT 32 "instr"
    .port_info 12 /OUTPUT 32 "aluout"
    .port_info 13 /OUTPUT 32 "writedata"
    .port_info 14 /INPUT 32 "readdata"
v0x55e57ce5ee20_0 .net *"_s3", 3 0, L_0x55e57ce736a0;  1 drivers
v0x55e57ce5ef20_0 .net *"_s5", 25 0, L_0x55e57ce73740;  1 drivers
L_0x7f8f06f450a8 .functor BUFT 1, C4<00>, C4<0>, C4<0>, C4<0>;
v0x55e57ce5f000_0 .net/2u *"_s6", 1 0, L_0x7f8f06f450a8;  1 drivers
v0x55e57ce5f0c0_0 .net "alucontrol", 3 0, v0x55e57ce52160_0;  alias, 1 drivers
v0x55e57ce5f180_0 .net "aluout", 31 0, L_0x55e57ce768c0;  alias, 1 drivers
v0x55e57ce5f290_0 .net "alusrc", 0 0, L_0x55e57ce62650;  alias, 1 drivers
v0x55e57ce5f330_0 .net "clk", 0 0, v0x55e57ce62120_0;  alias, 1 drivers
v0x55e57ce5f3d0_0 .net "instr", 31 0, L_0x55e57ce76e70;  alias, 1 drivers
v0x55e57ce5f490_0 .net "jump", 0 0, L_0x55e57ce629a0;  alias, 1 drivers
v0x55e57ce5f5c0_0 .net "memtoreg", 0 0, L_0x55e57ce628c0;  alias, 1 drivers
v0x55e57ce5f660_0 .net "pc", 31 0, v0x55e57ce5b5d0_0;  alias, 1 drivers
v0x55e57ce5f700_0 .net "pcbranch", 31 0, L_0x55e57ce73310;  1 drivers
v0x55e57ce5f7c0_0 .net "pcnext", 31 0, L_0x55e57ce73570;  1 drivers
v0x55e57ce5f8d0_0 .net "pcnextbr", 31 0, L_0x55e57ce73440;  1 drivers
v0x55e57ce5f9e0_0 .net "pcplus4", 31 0, L_0x55e57ce62f90;  1 drivers
v0x55e57ce5faa0_0 .net "pcsrc", 0 0, L_0x55e57ce62c60;  alias, 1 drivers
v0x55e57ce5fb90_0 .net "readdata", 31 0, L_0x55e57ce771b0;  alias, 1 drivers
v0x55e57ce5fdb0_0 .net "regdst", 0 0, L_0x55e57ce625b0;  alias, 1 drivers
v0x55e57ce5fe50_0 .net "regwrite", 0 0, L_0x55e57ce62510;  alias, 1 drivers
v0x55e57ce5fef0_0 .net "reset", 0 0, v0x55e57ce62340_0;  alias, 1 drivers
v0x55e57ce5ff90_0 .net "result", 31 0, L_0x55e57ce749d0;  1 drivers
v0x55e57ce60080_0 .net "signimm", 31 0, L_0x55e57ce75030;  1 drivers
v0x55e57ce60140_0 .net "signimmsh", 31 0, L_0x55e57ce73270;  1 drivers
v0x55e57ce60250_0 .net "srca", 31 0, L_0x55e57ce73bf0;  1 drivers
v0x55e57ce60310_0 .net "srcb", 31 0, L_0x55e57ce75210;  1 drivers
v0x55e57ce603d0_0 .net "writedata", 31 0, L_0x55e57ce742f0;  alias, 1 drivers
v0x55e57ce60490_0 .net "writereg", 4 0, L_0x55e57ce74710;  1 drivers
v0x55e57ce605a0_0 .net "zero", 0 0, L_0x55e57ce76c80;  alias, 1 drivers
L_0x55e57ce736a0 .part L_0x55e57ce62f90, 28, 4;
L_0x55e57ce73740 .part L_0x55e57ce76e70, 0, 26;
L_0x55e57ce737e0 .concat [ 2 26 4 0], L_0x7f8f06f450a8, L_0x55e57ce73740, L_0x55e57ce736a0;
L_0x55e57ce74490 .part L_0x55e57ce76e70, 21, 5;
L_0x55e57ce74560 .part L_0x55e57ce76e70, 16, 5;
L_0x55e57ce747b0 .part L_0x55e57ce76e70, 16, 5;
L_0x55e57ce748e0 .part L_0x55e57ce76e70, 11, 5;
L_0x55e57ce75120 .part L_0x55e57ce76e70, 0, 16;
S_0x55e57ce53fa0 .scope module, "alu" "alu" 6 149, 7 50 0, S_0x55e57ce53d80;
 .timescale 0 0;
    .port_info 0 /INPUT 4 "AluOp"
    .port_info 1 /INPUT 32 "A"
    .port_info 2 /INPUT 32 "B"
    .port_info 3 /OUTPUT 32 "Result"
    .port_info 4 /OUTPUT 1 "Zero"
L_0x55e57ce63030 .functor NOT 32, L_0x55e57ce75210, C4<00000000000000000000000000000000>, C4<00000000000000000000000000000000>, C4<00000000000000000000000000000000>;
L_0x55e57ce75350 .functor AND 32, L_0x55e57ce73bf0, L_0x55e57ce75210, C4<11111111111111111111111111111111>, C4<11111111111111111111111111111111>;
L_0x55e57ce75df0 .functor OR 32, L_0x55e57ce73bf0, L_0x55e57ce75210, C4<00000000000000000000000000000000>, C4<00000000000000000000000000000000>;
L_0x55e57ce75f70 .functor XOR 32, L_0x55e57ce73bf0, L_0x55e57ce75210, C4<00000000000000000000000000000000>, C4<00000000000000000000000000000000>;
L_0x55e57ce76720 .functor NOT 32, L_0x55e57ce75df0, C4<00000000000000000000000000000000>, C4<00000000000000000000000000000000>, C4<00000000000000000000000000000000>;
L_0x55e57ce76c80 .functor NOT 1, L_0x55e57ce76be0, C4<0>, C4<0>, C4<0>;
v0x55e57ce58180_0 .net "A", 31 0, L_0x55e57ce73bf0;  alias, 1 drivers
v0x55e57ce58270_0 .net "AandB", 31 0, L_0x55e57ce75350;  1 drivers
v0x55e57ce58360_0 .net "AlessthanB", 31 0, L_0x55e57ce759b0;  1 drivers
v0x55e57ce58450_0 .net "AluOp", 3 0, v0x55e57ce52160_0;  alias, 1 drivers
v0x55e57ce58560_0 .net "AorB", 31 0, L_0x55e57ce75df0;  1 drivers
v0x55e57ce586c0_0 .net "AplusB", 31 0, L_0x55e57ce758c0;  1 drivers
v0x55e57ce587d0_0 .net "AxorB", 31 0, L_0x55e57ce75f70;  1 drivers
v0x55e57ce588e0_0 .net "B", 31 0, L_0x55e57ce75210;  alias, 1 drivers
v0x55e57ce589a0_0 .net "Result", 31 0, L_0x55e57ce768c0;  alias, 1 drivers
v0x55e57ce58ad0_0 .net "Zero", 0 0, L_0x55e57ce76c80;  alias, 1 drivers
v0x55e57ce58b70_0 .net *"_s0", 31 0, L_0x55e57ce63030;  1 drivers
L_0x7f8f06f45330 .functor BUFT 1, C4<00000000000000000000000000000001>, C4<0>, C4<0>, C4<0>;
v0x55e57ce58c30_0 .net/2u *"_s2", 31 0, L_0x7f8f06f45330;  1 drivers
v0x55e57ce58d10_0 .net *"_s25", 0 0, L_0x55e57ce76be0;  1 drivers
v0x55e57ce58dd0_0 .net "minusB", 31 0, L_0x55e57ce752b0;  1 drivers
v0x55e57ce58e90_0 .net "selArit", 31 0, L_0x55e57ce75c20;  1 drivers
v0x55e57ce58f80_0 .net "selB", 31 0, L_0x55e57ce75460;  1 drivers
v0x55e57ce59090_0 .net "selLog", 31 0, L_0x55e57ce76430;  1 drivers
L_0x55e57ce752b0 .arith/sum 32, L_0x55e57ce63030, L_0x7f8f06f45330;
L_0x55e57ce75500 .part v0x55e57ce52160_0, 1, 1;
L_0x55e57ce75aa0 .part L_0x55e57ce758c0, 31, 1;
L_0x55e57ce75d50 .part v0x55e57ce52160_0, 3, 1;
L_0x55e57ce76790 .part v0x55e57ce52160_0, 0, 2;
L_0x55e57ce769f0 .part v0x55e57ce52160_0, 2, 1;
L_0x55e57ce76be0 .reduce/or L_0x55e57ce768c0;
S_0x55e57ce54220 .scope module, "apb" "Adder" 7 63, 7 26 0, S_0x55e57ce53fa0;
 .timescale 0 0;
    .port_info 0 /INPUT 32 "Sa"
    .port_info 1 /INPUT 32 "Sb"
    .port_info 2 /OUTPUT 32 "Sum"
v0x55e57ce54480_0 .net "Aux", 32 0, L_0x55e57ce75780;  1 drivers
v0x55e57ce54580_0 .net "Sa", 31 0, L_0x55e57ce73bf0;  alias, 1 drivers
v0x55e57ce54660_0 .net "Sb", 31 0, L_0x55e57ce75460;  alias, 1 drivers
v0x55e57ce54750_0 .net "Sum", 31 0, L_0x55e57ce758c0;  alias, 1 drivers
v0x55e57ce54830_0 .net *"_s0", 32 0, L_0x55e57ce755f0;  1 drivers
L_0x7f8f06f45378 .functor BUFT 1, C4<0>, C4<0>, C4<0>, C4<0>;
v0x55e57ce54960_0 .net *"_s3", 0 0, L_0x7f8f06f45378;  1 drivers
v0x55e57ce54a40_0 .net *"_s4", 32 0, L_0x55e57ce756e0;  1 drivers
L_0x7f8f06f453c0 .functor BUFT 1, C4<0>, C4<0>, C4<0>, C4<0>;
v0x55e57ce54b20_0 .net *"_s7", 0 0, L_0x7f8f06f453c0;  1 drivers
L_0x55e57ce755f0 .concat [ 32 1 0 0], L_0x55e57ce73bf0, L_0x7f8f06f45378;
L_0x55e57ce756e0 .concat [ 32 1 0 0], L_0x55e57ce75460, L_0x7f8f06f453c0;
L_0x55e57ce75780 .arith/sum 33, L_0x55e57ce755f0, L_0x55e57ce756e0;
L_0x55e57ce758c0 .part L_0x55e57ce75780, 0, 32;
S_0x55e57ce54c80 .scope module, "mxArit" "muxDos" 7 67, 7 1 0, S_0x55e57ce53fa0;
 .timescale 0 0;
    .port_info 0 /INPUT 32 "d0"
    .port_info 1 /INPUT 32 "d1"
    .port_info 2 /INPUT 1 "s"
    .port_info 3 /OUTPUT 32 "y"
v0x55e57ce54e50_0 .net "d0", 31 0, L_0x55e57ce758c0;  alias, 1 drivers
v0x55e57ce54f40_0 .net "d1", 31 0, L_0x55e57ce759b0;  alias, 1 drivers
v0x55e57ce55000_0 .net "s", 0 0, L_0x55e57ce75d50;  1 drivers
v0x55e57ce550d0_0 .net "y", 31 0, L_0x55e57ce75c20;  alias, 1 drivers
L_0x55e57ce75c20 .functor MUXZ 32, L_0x55e57ce758c0, L_0x55e57ce759b0, L_0x55e57ce75d50, C4<>;
S_0x55e57ce55260 .scope module, "mxB" "muxDos" 7 61, 7 1 0, S_0x55e57ce53fa0;
 .timescale 0 0;
    .port_info 0 /INPUT 32 "d0"
    .port_info 1 /INPUT 32 "d1"
    .port_info 2 /INPUT 1 "s"
    .port_info 3 /OUTPUT 32 "y"
v0x55e57ce55460_0 .net "d0", 31 0, L_0x55e57ce75210;  alias, 1 drivers
v0x55e57ce55540_0 .net "d1", 31 0, L_0x55e57ce752b0;  alias, 1 drivers
v0x55e57ce55620_0 .net "s", 0 0, L_0x55e57ce75500;  1 drivers
v0x55e57ce556f0_0 .net "y", 31 0, L_0x55e57ce75460;  alias, 1 drivers
L_0x55e57ce75460 .functor MUXZ 32, L_0x55e57ce75210, L_0x55e57ce752b0, L_0x55e57ce75500, C4<>;
S_0x55e57ce55870 .scope module, "mxLog" "muxCuatro" 7 77, 7 10 0, S_0x55e57ce53fa0;
 .timescale 0 0;
    .port_info 0 /INPUT 32 "d0"
    .port_info 1 /INPUT 32 "d1"
    .port_info 2 /INPUT 32 "d2"
    .port_info 3 /INPUT 32 "d3"
    .port_info 4 /INPUT 2 "s"
    .port_info 5 /OUTPUT 32 "y"
v0x55e57ce56e40_0 .net "d0", 31 0, L_0x55e57ce75350;  alias, 1 drivers
v0x55e57ce56f20_0 .net "d1", 31 0, L_0x55e57ce75df0;  alias, 1 drivers
v0x55e57ce56ff0_0 .net "d2", 31 0, L_0x55e57ce75f70;  alias, 1 drivers
v0x55e57ce570f0_0 .net "d3", 31 0, L_0x55e57ce76720;  1 drivers
v0x55e57ce571c0_0 .net "n0", 31 0, L_0x55e57ce76120;  1 drivers
v0x55e57ce57300_0 .net "n1", 31 0, L_0x55e57ce76260;  1 drivers
v0x55e57ce573f0_0 .net "s", 1 0, L_0x55e57ce76790;  1 drivers
v0x55e57ce574d0_0 .net "y", 31 0, L_0x55e57ce76430;  alias, 1 drivers
L_0x55e57ce761c0 .part L_0x55e57ce76790, 0, 1;
L_0x55e57ce76390 .part L_0x55e57ce76790, 0, 1;
L_0x55e57ce76680 .part L_0x55e57ce76790, 1, 1;
S_0x55e57ce55b20 .scope module, "mm0" "muxDos" 7 17, 7 1 0, S_0x55e57ce55870;
 .timescale 0 0;
    .port_info 0 /INPUT 32 "d0"
    .port_info 1 /INPUT 32 "d1"
    .port_info 2 /INPUT 1 "s"
    .port_info 3 /OUTPUT 32 "y"
v0x55e57ce55d10_0 .net "d0", 31 0, L_0x55e57ce75350;  alias, 1 drivers
v0x55e57ce55e10_0 .net "d1", 31 0, L_0x55e57ce75df0;  alias, 1 drivers
v0x55e57ce55ef0_0 .net "s", 0 0, L_0x55e57ce761c0;  1 drivers
v0x55e57ce55fc0_0 .net "y", 31 0, L_0x55e57ce76120;  alias, 1 drivers
L_0x55e57ce76120 .functor MUXZ 32, L_0x55e57ce75350, L_0x55e57ce75df0, L_0x55e57ce761c0, C4<>;
S_0x55e57ce56150 .scope module, "mm1" "muxDos" 7 18, 7 1 0, S_0x55e57ce55870;
 .timescale 0 0;
    .port_info 0 /INPUT 32 "d0"
    .port_info 1 /INPUT 32 "d1"
    .port_info 2 /INPUT 1 "s"
    .port_info 3 /OUTPUT 32 "y"
v0x55e57ce563b0_0 .net "d0", 31 0, L_0x55e57ce75f70;  alias, 1 drivers
v0x55e57ce56490_0 .net "d1", 31 0, L_0x55e57ce76720;  alias, 1 drivers
v0x55e57ce56570_0 .net "s", 0 0, L_0x55e57ce76390;  1 drivers
v0x55e57ce56640_0 .net "y", 31 0, L_0x55e57ce76260;  alias, 1 drivers
L_0x55e57ce76260 .functor MUXZ 32, L_0x55e57ce75f70, L_0x55e57ce76720, L_0x55e57ce76390, C4<>;
S_0x55e57ce567d0 .scope module, "mmm" "muxDos" 7 20, 7 1 0, S_0x55e57ce55870;
 .timescale 0 0;
    .port_info 0 /INPUT 32 "d0"
    .port_info 1 /INPUT 32 "d1"
    .port_info 2 /INPUT 1 "s"
    .port_info 3 /OUTPUT 32 "y"
v0x55e57ce56a40_0 .net "d0", 31 0, L_0x55e57ce76120;  alias, 1 drivers
v0x55e57ce56b30_0 .net "d1", 31 0, L_0x55e57ce76260;  alias, 1 drivers
v0x55e57ce56c00_0 .net "s", 0 0, L_0x55e57ce76680;  1 drivers
v0x55e57ce56cd0_0 .net "y", 31 0, L_0x55e57ce76430;  alias, 1 drivers
L_0x55e57ce76430 .functor MUXZ 32, L_0x55e57ce76120, L_0x55e57ce76260, L_0x55e57ce76680, C4<>;
S_0x55e57ce57670 .scope module, "mxfinal" "muxDos" 7 81, 7 1 0, S_0x55e57ce53fa0;
 .timescale 0 0;
    .port_info 0 /INPUT 32 "d0"
    .port_info 1 /INPUT 32 "d1"
    .port_info 2 /INPUT 1 "s"
    .port_info 3 /OUTPUT 32 "y"
v0x55e57ce57900_0 .net "d0", 31 0, L_0x55e57ce75c20;  alias, 1 drivers
v0x55e57ce579e0_0 .net "d1", 31 0, L_0x55e57ce76430;  alias, 1 drivers
v0x55e57ce57ad0_0 .net "s", 0 0, L_0x55e57ce769f0;  1 drivers
v0x55e57ce57b70_0 .net "y", 31 0, L_0x55e57ce768c0;  alias, 1 drivers
L_0x55e57ce768c0 .functor MUXZ 32, L_0x55e57ce75c20, L_0x55e57ce76430, L_0x55e57ce769f0, C4<>;
S_0x55e57ce57cc0 .scope module, "slt" "zeroExt" 7 65, 7 40 0, S_0x55e57ce53fa0;
 .timescale 0 0;
    .port_info 0 /INPUT 1 "bitIn"
    .port_info 1 /OUTPUT 32 "wordOut"
L_0x7f8f06f45408 .functor BUFT 1, C4<0000000000000000000000000000000>, C4<0>, C4<0>, C4<0>;
v0x55e57ce57eb0_0 .net/2u *"_s0", 30 0, L_0x7f8f06f45408;  1 drivers
v0x55e57ce57fb0_0 .net "bitIn", 0 0, L_0x55e57ce75aa0;  1 drivers
v0x55e57ce58070_0 .net "wordOut", 31 0, L_0x55e57ce759b0;  alias, 1 drivers
L_0x55e57ce759b0 .concat [ 1 31 0 0], L_0x55e57ce75aa0, L_0x7f8f06f45408;
S_0x55e57ce591f0 .scope module, "immsh" "sl2" 6 124, 2 33 0, S_0x55e57ce53d80;
 .timescale 0 0;
    .port_info 0 /INPUT 32 "a"
    .port_info 1 /OUTPUT 32 "y"
v0x55e57ce59420_0 .net *"_s1", 29 0, L_0x55e57ce73140;  1 drivers
L_0x7f8f06f45060 .functor BUFT 1, C4<00>, C4<0>, C4<0>, C4<0>;
v0x55e57ce59520_0 .net/2u *"_s2", 1 0, L_0x7f8f06f45060;  1 drivers
v0x55e57ce59600_0 .net "a", 31 0, L_0x55e57ce75030;  alias, 1 drivers
v0x55e57ce596c0_0 .net "y", 31 0, L_0x55e57ce73270;  alias, 1 drivers
L_0x55e57ce73140 .part L_0x55e57ce75030, 0, 30;
L_0x55e57ce73270 .concat [ 2 30 0 0], L_0x7f8f06f45060, L_0x55e57ce73140;
S_0x55e57ce59800 .scope module, "pcadd1" "adder" 6 123, 2 27 0, S_0x55e57ce53d80;
 .timescale 0 0;
    .port_info 0 /INPUT 32 "a"
    .port_info 1 /INPUT 32 "b"
    .port_info 2 /OUTPUT 32 "y"
v0x55e57ce59a20_0 .net "a", 31 0, v0x55e57ce5b5d0_0;  alias, 1 drivers
L_0x7f8f06f45018 .functor BUFT 1, C4<00000000000000000000000000000100>, C4<0>, C4<0>, C4<0>;
v0x55e57ce59b00_0 .net "b", 31 0, L_0x7f8f06f45018;  1 drivers
v0x55e57ce59be0_0 .net "y", 31 0, L_0x55e57ce62f90;  alias, 1 drivers
L_0x55e57ce62f90 .arith/sum 32, v0x55e57ce5b5d0_0, L_0x7f8f06f45018;
S_0x55e57ce59d20 .scope module, "pcadd2" "adder" 6 125, 2 27 0, S_0x55e57ce53d80;
 .timescale 0 0;
    .port_info 0 /INPUT 32 "a"
    .port_info 1 /INPUT 32 "b"
    .port_info 2 /OUTPUT 32 "y"
v0x55e57ce59f40_0 .net "a", 31 0, L_0x55e57ce62f90;  alias, 1 drivers
v0x55e57ce5a020_0 .net "b", 31 0, L_0x55e57ce73270;  alias, 1 drivers
v0x55e57ce5a0c0_0 .net "y", 31 0, L_0x55e57ce73310;  alias, 1 drivers
L_0x55e57ce73310 .arith/sum 32, L_0x55e57ce62f90, L_0x55e57ce73270;
S_0x55e57ce5a1e0 .scope module, "pcbrmux" "mux2" 6 126, 2 67 0, S_0x55e57ce53d80;
 .timescale 0 0;
    .port_info 0 /INPUT 32 "d0"
    .port_info 1 /INPUT 32 "d1"
    .port_info 2 /INPUT 1 "s"
    .port_info 3 /OUTPUT 32 "y"
P_0x55e57ce5a400 .param/l "WIDTH" 0 2 67, +C4<00000000000000000000000000100000>;
v0x55e57ce5a540_0 .net "d0", 31 0, L_0x55e57ce62f90;  alias, 1 drivers
v0x55e57ce5a650_0 .net "d1", 31 0, L_0x55e57ce73310;  alias, 1 drivers
v0x55e57ce5a710_0 .net "s", 0 0, L_0x55e57ce62c60;  alias, 1 drivers
v0x55e57ce5a810_0 .net "y", 31 0, L_0x55e57ce73440;  alias, 1 drivers
L_0x55e57ce73440 .functor MUXZ 32, L_0x55e57ce62f90, L_0x55e57ce73310, L_0x55e57ce62c60, C4<>;
S_0x55e57ce5a940 .scope module, "pcmux" "mux2" 6 128, 2 67 0, S_0x55e57ce53d80;
 .timescale 0 0;
    .port_info 0 /INPUT 32 "d0"
    .port_info 1 /INPUT 32 "d1"
    .port_info 2 /INPUT 1 "s"
    .port_info 3 /OUTPUT 32 "y"
P_0x55e57ce5ab10 .param/l "WIDTH" 0 2 67, +C4<00000000000000000000000000100000>;
v0x55e57ce5ac50_0 .net "d0", 31 0, L_0x55e57ce73440;  alias, 1 drivers
v0x55e57ce5ad60_0 .net "d1", 31 0, L_0x55e57ce737e0;  1 drivers
v0x55e57ce5ae20_0 .net "s", 0 0, L_0x55e57ce629a0;  alias, 1 drivers
v0x55e57ce5af40_0 .net "y", 31 0, L_0x55e57ce73570;  alias, 1 drivers
L_0x55e57ce73570 .functor MUXZ 32, L_0x55e57ce73440, L_0x55e57ce737e0, L_0x55e57ce629a0, C4<>;
S_0x55e57ce5b080 .scope module, "pcreg" "flopr" 6 122, 2 45 0, S_0x55e57ce53d80;
 .timescale 0 0;
    .port_info 0 /INPUT 1 "clk"
    .port_info 1 /INPUT 1 "reset"
    .port_info 2 /INPUT 32 "d"
    .port_info 3 /OUTPUT 32 "q"
P_0x55e57ce5b250 .param/l "WIDTH" 0 2 45, +C4<00000000000000000000000000100000>;
v0x55e57ce5b410_0 .net "clk", 0 0, v0x55e57ce62120_0;  alias, 1 drivers
v0x55e57ce5b500_0 .net "d", 31 0, L_0x55e57ce73570;  alias, 1 drivers
v0x55e57ce5b5d0_0 .var "q", 31 0;
v0x55e57ce5b6d0_0 .net "reset", 0 0, v0x55e57ce62340_0;  alias, 1 drivers
E_0x55e57ce5b390 .event posedge, v0x55e57ce5b6d0_0, v0x55e57ce50e30_0;
S_0x55e57ce5b800 .scope module, "resmux" "mux2" 6 138, 2 67 0, S_0x55e57ce53d80;
 .timescale 0 0;
    .port_info 0 /INPUT 32 "d0"
    .port_info 1 /INPUT 32 "d1"
    .port_info 2 /INPUT 1 "s"
    .port_info 3 /OUTPUT 32 "y"
P_0x55e57ce5b9d0 .param/l "WIDTH" 0 2 67, +C4<00000000000000000000000000100000>;
v0x55e57ce5bb10_0 .net "d0", 31 0, L_0x55e57ce768c0;  alias, 1 drivers
v0x55e57ce5bbf0_0 .net "d1", 31 0, L_0x55e57ce771b0;  alias, 1 drivers
v0x55e57ce5bce0_0 .net "s", 0 0, L_0x55e57ce628c0;  alias, 1 drivers
v0x55e57ce5be00_0 .net "y", 31 0, L_0x55e57ce749d0;  alias, 1 drivers
L_0x55e57ce749d0 .functor MUXZ 32, L_0x55e57ce768c0, L_0x55e57ce771b0, L_0x55e57ce628c0, C4<>;
S_0x55e57ce5bf20 .scope module, "rf" "regfile" 6 133, 2 7 0, S_0x55e57ce53d80;
 .timescale 0 0;
    .port_info 0 /INPUT 1 "clk"
    .port_info 1 /INPUT 1 "we3"
    .port_info 2 /INPUT 5 "ra1"
    .port_info 3 /INPUT 5 "ra2"
    .port_info 4 /INPUT 5 "wa3"
    .port_info 5 /INPUT 32 "wd3"
    .port_info 6 /OUTPUT 32 "rd1"
    .port_info 7 /OUTPUT 32 "rd2"
v0x55e57ce5c1c0_0 .net *"_s0", 31 0, L_0x55e57ce73880;  1 drivers
v0x55e57ce5c2c0_0 .net *"_s10", 6 0, L_0x55e57ce73a60;  1 drivers
L_0x7f8f06f45180 .functor BUFT 1, C4<00>, C4<0>, C4<0>, C4<0>;
v0x55e57ce5c3a0_0 .net *"_s13", 1 0, L_0x7f8f06f45180;  1 drivers
L_0x7f8f06f451c8 .functor BUFT 1, C4<00000000000000000000000000000000>, C4<0>, C4<0>, C4<0>;
v0x55e57ce5c460_0 .net/2u *"_s14", 31 0, L_0x7f8f06f451c8;  1 drivers
v0x55e57ce5c540_0 .net *"_s18", 31 0, L_0x55e57ce73dc0;  1 drivers
L_0x7f8f06f45210 .functor BUFT 1, C4<000000000000000000000000000>, C4<0>, C4<0>, C4<0>;
v0x55e57ce5c670_0 .net *"_s21", 26 0, L_0x7f8f06f45210;  1 drivers
L_0x7f8f06f45258 .functor BUFT 1, C4<00000000000000000000000000000000>, C4<0>, C4<0>, C4<0>;
v0x55e57ce5c750_0 .net/2u *"_s22", 31 0, L_0x7f8f06f45258;  1 drivers
v0x55e57ce5c830_0 .net *"_s24", 0 0, L_0x55e57ce73f80;  1 drivers
v0x55e57ce5c8f0_0 .net *"_s26", 31 0, L_0x55e57ce74070;  1 drivers
v0x55e57ce5ca60_0 .net *"_s28", 6 0, L_0x55e57ce74160;  1 drivers
L_0x7f8f06f450f0 .functor BUFT 1, C4<000000000000000000000000000>, C4<0>, C4<0>, C4<0>;
v0x55e57ce5cb40_0 .net *"_s3", 26 0, L_0x7f8f06f450f0;  1 drivers
L_0x7f8f06f452a0 .functor BUFT 1, C4<00>, C4<0>, C4<0>, C4<0>;
v0x55e57ce5cc20_0 .net *"_s31", 1 0, L_0x7f8f06f452a0;  1 drivers
L_0x7f8f06f452e8 .functor BUFT 1, C4<00000000000000000000000000000000>, C4<0>, C4<0>, C4<0>;
v0x55e57ce5cd00_0 .net/2u *"_s32", 31 0, L_0x7f8f06f452e8;  1 drivers
L_0x7f8f06f45138 .functor BUFT 1, C4<00000000000000000000000000000000>, C4<0>, C4<0>, C4<0>;
v0x55e57ce5cde0_0 .net/2u *"_s4", 31 0, L_0x7f8f06f45138;  1 drivers
v0x55e57ce5cec0_0 .net *"_s6", 0 0, L_0x55e57ce73920;  1 drivers
v0x55e57ce5cf80_0 .net *"_s8", 31 0, L_0x55e57ce739c0;  1 drivers
v0x55e57ce5d060_0 .net "clk", 0 0, v0x55e57ce62120_0;  alias, 1 drivers
v0x55e57ce5d210_0 .net "ra1", 4 0, L_0x55e57ce74490;  1 drivers
v0x55e57ce5d2f0_0 .net "ra2", 4 0, L_0x55e57ce74560;  1 drivers
v0x55e57ce5d3d0_0 .net "rd1", 31 0, L_0x55e57ce73bf0;  alias, 1 drivers
v0x55e57ce5d4e0_0 .net "rd2", 31 0, L_0x55e57ce742f0;  alias, 1 drivers
v0x55e57ce5d5a0 .array "rf", 0 31, 31 0;
v0x55e57ce5d640_0 .net "wa3", 4 0, L_0x55e57ce74710;  alias, 1 drivers
v0x55e57ce5d720_0 .net "wd3", 31 0, L_0x55e57ce749d0;  alias, 1 drivers
v0x55e57ce5d7e0_0 .net "we3", 0 0, L_0x55e57ce62510;  alias, 1 drivers
L_0x55e57ce73880 .concat [ 5 27 0 0], L_0x55e57ce74490, L_0x7f8f06f450f0;
L_0x55e57ce73920 .cmp/ne 32, L_0x55e57ce73880, L_0x7f8f06f45138;
L_0x55e57ce739c0 .array/port v0x55e57ce5d5a0, L_0x55e57ce73a60;
L_0x55e57ce73a60 .concat [ 5 2 0 0], L_0x55e57ce74490, L_0x7f8f06f45180;
L_0x55e57ce73bf0 .functor MUXZ 32, L_0x7f8f06f451c8, L_0x55e57ce739c0, L_0x55e57ce73920, C4<>;
L_0x55e57ce73dc0 .concat [ 5 27 0 0], L_0x55e57ce74560, L_0x7f8f06f45210;
L_0x55e57ce73f80 .cmp/ne 32, L_0x55e57ce73dc0, L_0x7f8f06f45258;
L_0x55e57ce74070 .array/port v0x55e57ce5d5a0, L_0x55e57ce74160;
L_0x55e57ce74160 .concat [ 5 2 0 0], L_0x55e57ce74560, L_0x7f8f06f452a0;
L_0x55e57ce742f0 .functor MUXZ 32, L_0x7f8f06f452e8, L_0x55e57ce74070, L_0x55e57ce73f80, C4<>;
S_0x55e57ce5da00 .scope module, "se" "signext" 6 140, 2 40 0, S_0x55e57ce53d80;
 .timescale 0 0;
    .port_info 0 /INPUT 16 "a"
    .port_info 1 /OUTPUT 32 "y"
v0x55e57ce5dbe0_0 .net *"_s1", 0 0, L_0x55e57ce74b80;  1 drivers
v0x55e57ce5dce0_0 .net *"_s2", 15 0, L_0x55e57ce74c20;  1 drivers
v0x55e57ce5ddc0_0 .net "a", 15 0, L_0x55e57ce75120;  1 drivers
v0x55e57ce5de80_0 .net "y", 31 0, L_0x55e57ce75030;  alias, 1 drivers
L_0x55e57ce74b80 .part L_0x55e57ce75120, 15, 1;
LS_0x55e57ce74c20_0_0 .concat [ 1 1 1 1], L_0x55e57ce74b80, L_0x55e57ce74b80, L_0x55e57ce74b80, L_0x55e57ce74b80;
LS_0x55e57ce74c20_0_4 .concat [ 1 1 1 1], L_0x55e57ce74b80, L_0x55e57ce74b80, L_0x55e57ce74b80, L_0x55e57ce74b80;
LS_0x55e57ce74c20_0_8 .concat [ 1 1 1 1], L_0x55e57ce74b80, L_0x55e57ce74b80, L_0x55e57ce74b80, L_0x55e57ce74b80;
LS_0x55e57ce74c20_0_12 .concat [ 1 1 1 1], L_0x55e57ce74b80, L_0x55e57ce74b80, L_0x55e57ce74b80, L_0x55e57ce74b80;
L_0x55e57ce74c20 .concat [ 4 4 4 4], LS_0x55e57ce74c20_0_0, LS_0x55e57ce74c20_0_4, LS_0x55e57ce74c20_0_8, LS_0x55e57ce74c20_0_12;
L_0x55e57ce75030 .concat [ 16 16 0 0], L_0x55e57ce75120, L_0x55e57ce74c20;
S_0x55e57ce5df80 .scope module, "srcbmux" "mux2" 6 143, 2 67 0, S_0x55e57ce53d80;
 .timescale 0 0;
    .port_info 0 /INPUT 32 "d0"
    .port_info 1 /INPUT 32 "d1"
    .port_info 2 /INPUT 1 "s"
    .port_info 3 /OUTPUT 32 "y"
P_0x55e57ce5e150 .param/l "WIDTH" 0 2 67, +C4<00000000000000000000000000100000>;
v0x55e57ce5e2c0_0 .net "d0", 31 0, L_0x55e57ce742f0;  alias, 1 drivers
v0x55e57ce5e3d0_0 .net "d1", 31 0, L_0x55e57ce75030;  alias, 1 drivers
v0x55e57ce5e4e0_0 .net "s", 0 0, L_0x55e57ce62650;  alias, 1 drivers
v0x55e57ce5e5d0_0 .net "y", 31 0, L_0x55e57ce75210;  alias, 1 drivers
L_0x55e57ce75210 .functor MUXZ 32, L_0x55e57ce742f0, L_0x55e57ce75030, L_0x55e57ce62650, C4<>;
S_0x55e57ce5e740 .scope module, "wrmux" "mux2" 6 136, 2 67 0, S_0x55e57ce53d80;
 .timescale 0 0;
    .port_info 0 /INPUT 5 "d0"
    .port_info 1 /INPUT 5 "d1"
    .port_info 2 /INPUT 1 "s"
    .port_info 3 /OUTPUT 5 "y"
P_0x55e57ce5e910 .param/l "WIDTH" 0 2 67, +C4<00000000000000000000000000000101>;
v0x55e57ce5ea20_0 .net "d0", 4 0, L_0x55e57ce747b0;  1 drivers
v0x55e57ce5eb20_0 .net "d1", 4 0, L_0x55e57ce748e0;  1 drivers
v0x55e57ce5ec00_0 .net "s", 0 0, L_0x55e57ce625b0;  alias, 1 drivers
v0x55e57ce5ecf0_0 .net "y", 4 0, L_0x55e57ce74710;  alias, 1 drivers
L_0x55e57ce74710 .functor MUXZ 5, L_0x55e57ce747b0, L_0x55e57ce748e0, L_0x55e57ce625b0, C4<>;
    .scope S_0x55e57ce33040;
T_0 ;
    %wait E_0x55e57cdf4ff0;
    %load/vec4 v0x55e57ce50460_0;
    %flag_set/vec4 8;
    %jmp/0xz  T_0.0, 8;
    %pushi/vec4 0, 0, 8;
    %assign/vec4 v0x55e57ce50380_0, 0;
    %jmp T_0.1;
T_0.0 ;
    %load/vec4 v0x55e57ce502e0_0;
    %flag_set/vec4 8;
    %jmp/0xz  T_0.2, 8;
    %load/vec4 v0x55e57ce50200_0;
    %assign/vec4 v0x55e57ce50380_0, 0;
T_0.2 ;
T_0.1 ;
    %jmp T_0;
    .thread T_0;
    .scope S_0x55e57ce524b0;
T_1 ;
    %wait E_0x55e57ce3c550;
    %load/vec4 v0x55e57ce52e80_0;
    %dup/vec4;
    %pushi/vec4 0, 0, 6;
    %cmp/u;
    %jmp/1 T_1.0, 6;
    %dup/vec4;
    %pushi/vec4 35, 0, 6;
    %cmp/u;
    %jmp/1 T_1.1, 6;
    %dup/vec4;
    %pushi/vec4 43, 0, 6;
    %cmp/u;
    %jmp/1 T_1.2, 6;
    %dup/vec4;
    %pushi/vec4 4, 0, 6;
    %cmp/u;
    %jmp/1 T_1.3, 6;
    %dup/vec4;
    %pushi/vec4 8, 0, 6;
    %cmp/u;
    %jmp/1 T_1.4, 6;
    %dup/vec4;
    %pushi/vec4 2, 0, 6;
    %cmp/u;
    %jmp/1 T_1.5, 6;
    %pushi/vec4 511, 511, 9;
    %assign/vec4 v0x55e57ce52b30_0, 0;
    %jmp T_1.7;
T_1.0 ;
    %pushi/vec4 386, 0, 9;
    %assign/vec4 v0x55e57ce52b30_0, 0;
    %jmp T_1.7;
T_1.1 ;
    %pushi/vec4 328, 0, 9;
    %assign/vec4 v0x55e57ce52b30_0, 0;
    %jmp T_1.7;
T_1.2 ;
    %pushi/vec4 80, 0, 9;
    %assign/vec4 v0x55e57ce52b30_0, 0;
    %jmp T_1.7;
T_1.3 ;
    %pushi/vec4 33, 0, 9;
    %assign/vec4 v0x55e57ce52b30_0, 0;
    %jmp T_1.7;
T_1.4 ;
    %pushi/vec4 320, 0, 9;
    %assign/vec4 v0x55e57ce52b30_0, 0;
    %jmp T_1.7;
T_1.5 ;
    %pushi/vec4 4, 0, 9;
    %assign/vec4 v0x55e57ce52b30_0, 0;
    %jmp T_1.7;
T_1.7 ;
    %pop/vec4 1;
    %jmp T_1;
    .thread T_1, $push;
    .scope S_0x55e57ce51ee0;
T_2 ;
    %wait E_0x55e57ce3c510;
    %load/vec4 v0x55e57ce52260_0;
    %dup/vec4;
    %pushi/vec4 0, 0, 2;
    %cmp/u;
    %jmp/1 T_2.0, 6;
    %dup/vec4;
    %pushi/vec4 1, 0, 2;
    %cmp/u;
    %jmp/1 T_2.1, 6;
    %load/vec4 v0x55e57ce52340_0;
    %dup/vec4;
    %pushi/vec4 32, 0, 6;
    %cmp/u;
    %jmp/1 T_2.4, 6;
    %dup/vec4;
    %pushi/vec4 34, 0, 6;
    %cmp/u;
    %jmp/1 T_2.5, 6;
    %dup/vec4;
    %pushi/vec4 36, 0, 6;
    %cmp/u;
    %jmp/1 T_2.6, 6;
    %dup/vec4;
    %pushi/vec4 37, 0, 6;
    %cmp/u;
    %jmp/1 T_2.7, 6;
    %dup/vec4;
    %pushi/vec4 42, 0, 6;
    %cmp/u;
    %jmp/1 T_2.8, 6;
    %pushi/vec4 15, 15, 4;
    %assign/vec4 v0x55e57ce52160_0, 0;
    %jmp T_2.10;
T_2.4 ;
    %pushi/vec4 0, 0, 4;
    %assign/vec4 v0x55e57ce52160_0, 0;
    %jmp T_2.10;
T_2.5 ;
    %pushi/vec4 2, 0, 4;
    %assign/vec4 v0x55e57ce52160_0, 0;
    %jmp T_2.10;
T_2.6 ;
    %pushi/vec4 4, 0, 4;
    %assign/vec4 v0x55e57ce52160_0, 0;
    %jmp T_2.10;
T_2.7 ;
    %pushi/vec4 5, 0, 4;
    %assign/vec4 v0x55e57ce52160_0, 0;
    %jmp T_2.10;
T_2.8 ;
    %pushi/vec4 10, 0, 4;
    %assign/vec4 v0x55e57ce52160_0, 0;
    %jmp T_2.10;
T_2.10 ;
    %pop/vec4 1;
    %jmp T_2.3;
T_2.0 ;
    %pushi/vec4 0, 0, 4;
    %assign/vec4 v0x55e57ce52160_0, 0;
    %jmp T_2.3;
T_2.1 ;
    %pushi/vec4 2, 0, 4;
    %assign/vec4 v0x55e57ce52160_0, 0;
    %jmp T_2.3;
T_2.3 ;
    %pop/vec4 1;
    %jmp T_2;
    .thread T_2, $push;
    .scope S_0x55e57ce5b080;
T_3 ;
    %wait E_0x55e57ce5b390;
    %load/vec4 v0x55e57ce5b6d0_0;
    %flag_set/vec4 8;
    %jmp/0xz  T_3.0, 8;
    %pushi/vec4 0, 0, 32;
    %assign/vec4 v0x55e57ce5b5d0_0, 0;
    %jmp T_3.1;
T_3.0 ;
    %load/vec4 v0x55e57ce5b500_0;
    %assign/vec4 v0x55e57ce5b5d0_0, 0;
T_3.1 ;
    %jmp T_3;
    .thread T_3;
    .scope S_0x55e57ce5bf20;
T_4 ;
    %wait E_0x55e57cdf4be0;
    %load/vec4 v0x55e57ce5d7e0_0;
    %flag_set/vec4 8;
    %jmp/0xz  T_4.0, 8;
    %load/vec4 v0x55e57ce5d720_0;
    %load/vec4 v0x55e57ce5d640_0;
    %pad/u 7;
    %ix/vec4 3;
    %ix/load 4, 0, 0; Constant delay
    %assign/vec4/a/d v0x55e57ce5d5a0, 0, 4;
T_4.0 ;
    %jmp T_4;
    .thread T_4;
    .scope S_0x55e57ce51260;
T_5 ;
    %vpi_call 5 30 "$readmemh", "memfile.dat", v0x55e57ce51450 {0 0 0};
    %end;
    .thread T_5;
    .scope S_0x55e57ce50820;
T_6 ;
    %wait E_0x55e57cdf4be0;
    %load/vec4 v0x55e57ce51100_0;
    %flag_set/vec4 8;
    %jmp/0xz  T_6.0, 8;
    %load/vec4 v0x55e57ce51020_0;
    %load/vec4 v0x55e57ce50d50_0;
    %parti/s 30, 2, 3;
    %ix/vec4 3;
    %ix/load 4, 0, 0; Constant delay
    %assign/vec4/a/d v0x55e57ce50ad0, 0, 4;
T_6.0 ;
    %jmp T_6;
    .thread T_6;
    .scope S_0x55e57ce2ef40;
T_7 ;
    %pushi/vec4 1, 0, 1;
    %assign/vec4 v0x55e57ce62340_0, 0;
    %delay 22, 0;
    %pushi/vec4 0, 0, 1;
    %assign/vec4 v0x55e57ce62340_0, 0;
    %end;
    .thread T_7;
    .scope S_0x55e57ce2ef40;
T_8 ;
    %pushi/vec4 1, 0, 1;
    %assign/vec4 v0x55e57ce62120_0, 0;
    %delay 5, 0;
    %pushi/vec4 0, 0, 1;
    %assign/vec4 v0x55e57ce62120_0, 0;
    %delay 5, 0;
    %jmp T_8;
    .thread T_8;
    .scope S_0x55e57ce2ef40;
T_9 ;
    %wait E_0x55e57cdf4aa0;
    %load/vec4 v0x55e57ce622a0_0;
    %flag_set/vec4 8;
    %jmp/0xz  T_9.0, 8;
    %load/vec4 v0x55e57ce621e0_0;
    %pushi/vec4 84, 0, 32;
    %cmp/e;
    %flag_get/vec4 6;
    %load/vec4 v0x55e57ce62470_0;
    %pushi/vec4 7, 0, 32;
    %cmp/e;
    %flag_get/vec4 6;
    %and;
    %flag_set/vec4 8;
    %jmp/0xz  T_9.2, 8;
    %vpi_call 3 35 "$display", "Simulation succeeded" {0 0 0};
    %vpi_call 3 36 "$stop" {0 0 0};
    %jmp T_9.3;
T_9.2 ;
    %load/vec4 v0x55e57ce621e0_0;
    %cmpi/ne 80, 0, 32;
    %jmp/0xz  T_9.4, 6;
    %vpi_call 3 38 "$display", "Simulation failed" {0 0 0};
    %vpi_call 3 39 "$stop" {0 0 0};
T_9.4 ;
T_9.3 ;
T_9.0 ;
    %jmp T_9;
    .thread T_9;
# The file index is used to find the file name in the following table.
:file_names 8;
    "N/A";
    "<interactive>";
    "./mipsparts.v";
    "mipstest.v";
    "./mipstop.v";
    "./mipsmem.v";
    "./mips.v";
    "./alu.v";
